[WARNING] Disabling enhanced local repository: using legacy is strongly discouraged to ensure build reproducibility.
[INFO] Scanning for projects...
[INFO] 
[INFO] Using the builder org.apache.maven.lifecycle.internal.builder.singlethreaded.SingleThreadedBuilder with a thread count of 1
[INFO]                                                                         
[INFO] ------------------------------------------------------------------------
[INFO] Building TEST ssjob_init_fich_statut-0.1.0 (0.1,Job Designs) 0.1.0
[INFO] ------------------------------------------------------------------------
[WARNING] The POM for commons-collections:commons-collections:jar:3.2.2 is missing, no dependency information available
[WARNING] The POM for log4j:log4j:jar:1.2.17 is missing, no dependency information available
[INFO] 
[INFO] --- builder-maven-plugin:7.1.1:generate (default) @ ssjob_init_fich_statut ---
[WARNING] The POM for commons-lang:commons-lang:jar:2.6 is missing, no dependency information available
[INFO] Skipping ci-builder
[INFO] 
[INFO] --- maven-resources-plugin:3.0.2:resources (default-resources) @ ssjob_init_fich_statut ---
[WARNING] Using platform encoding (UTF-8 actually) to copy filtered resources, i.e. build is platform dependent!
[INFO] Copying 1 resource
[INFO] 
[INFO] --- maven-compiler-plugin:3.6.1:compile (default-compile) @ ssjob_init_fich_statut ---
[INFO] Not compiling main sources
[INFO] 
[INFO] --- maven-resources-plugin:3.0.2:testResources (default-testResources) @ ssjob_init_fich_statut ---
[INFO] Not copying test resources
[INFO] 
[INFO] --- maven-compiler-plugin:3.6.1:testCompile (default-testCompile) @ ssjob_init_fich_statut ---
[INFO] Not compiling test sources
[INFO] 
[INFO] --- maven-surefire-plugin:2.20:test (default-test) @ ssjob_init_fich_statut ---
[INFO] Tests are skipped.
[INFO] 
[INFO] --- maven-jar-plugin:3.0.2:jar (default-jar) @ ssjob_init_fich_statut ---
[INFO] Building jar: D:\Talend-Studio-20181026_1147-V7.1.1\Talend-Studio-20181026_1147-V7.1.1\workspace\TEST\poms\jobs\process\CFDP\ssjob_init_fich_statut_0.1\target\ssjob_init_fich_statut_0_1.jar
[INFO] 
[INFO] --- maven-assembly-plugin:3.0.0:single (default) @ ssjob_init_fich_statut ---
[INFO] Reading assembly descriptor: D:\Talend-Studio-20181026_1147-V7.1.1\Talend-Studio-20181026_1147-V7.1.1\workspace\TEST\poms\jobs\process\CFDP\ssjob_init_fich_statut_0.1/src/main/assemblies/assembly.xml
[WARNING] Missing POM for commons-collections:commons-collections:jar:3.2.2
[WARNING] Missing POM for log4j:log4j:jar:1.2.17
[INFO] Building zip: D:\Talend-Studio-20181026_1147-V7.1.1\Talend-Studio-20181026_1147-V7.1.1\workspace\TEST\poms\jobs\process\CFDP\ssjob_init_fich_statut_0.1\target\ssjob_init_fich_statut_0_1.zip
[INFO] 
[INFO] --- signer-maven-plugin:7.1.1:sign (sign) @ ssjob_init_fich_statut ---
[WARNING] The POM for commons-codec:commons-codec:jar:1.10 is missing, no dependency information available
[INFO] Start to sign the job artifact
[INFO] Start to sign artifact, the source file is ssjob_init_fich_statut_0_1.zip and target file is ssjob_init_fich_statut_0_1_sign_.zip
[INFO] ------------------------------------------------------------------------
[INFO] BUILD SUCCESS
[INFO] ------------------------------------------------------------------------
[INFO] Total time: 5.843 s
[INFO] Finished at: 2019-09-13T15:26:07+01:00
[INFO] Final Memory: 12M/212M
[INFO] ------------------------------------------------------------------------
